Build started 3/2/2016 5:58:46 PM.
     1>Project "D:\oifii-org\httpdocs\ns-org\nsd\ar\cp\audio_spi\spitoniccontrolswitchersynthwin32_vs2013rta\spitoniccontrolswitchersynthwin32.vcxproj" on node 2 (Build target(s)).
     1>InitializeBuildStatus:
         Creating "Debug\spitonic.AD5E4A2A.tlog\unsuccessfulbuild" because "AlwaysCreate" was specified.
       ClCompile:
         C:\Program Files\Microsoft Visual Studio 12.0\VC\bin\CL.exe /c /I"..\lib-src\portaudio\include" /I"..\lib-src\freeimage\Source\\" /I..\spiwavsetlib /I"..\lib-src\tonic\Tonic-master\Tonic-master\src" /ZI /nologo /W3 /WX- /Od /Oy- /D WIN32 /D _DEBUG /D _WINDOWS /D _UNICODE /D UNICODE /D __WINDOWS_DS__ /Gm /EHsc /RTC1 /MDd /GS /fp:precise /Zc:wchar_t /Zc:forScope /Yc"stdafx.h" /Fp"Debug\spitoniccontrolswitchersynthwin32.pch" /Fo"Debug\\" /Fd"Debug\vc120.pdb" /Gd /TP /analyze- /errorReport:prompt stdafx.cpp
         stdafx.cpp
         C:\Program Files\Microsoft Visual Studio 12.0\VC\bin\CL.exe /c /I"..\lib-src\portaudio\include" /I"..\lib-src\freeimage\Source\\" /I..\spiwavsetlib /I"..\lib-src\tonic\Tonic-master\Tonic-master\src" /ZI /nologo /W3 /WX- /Od /Oy- /D WIN32 /D _DEBUG /D _WINDOWS /D _UNICODE /D UNICODE /D __WINDOWS_DS__ /Gm /EHsc /RTC1 /MDd /GS /fp:precise /Zc:wchar_t /Zc:forScope /Yu"stdafx.h" /Fp"Debug\spitoniccontrolswitchersynthwin32.pch" /Fo"Debug\\" /Fd"Debug\vc120.pdb" /Gd /TP /analyze- /errorReport:prompt RtAudio.cpp spitoniccontrolswitchersynthwin32.cpp
         spitoniccontrolswitchersynthwin32.cpp
     1>d:\oifii-org\httpdocs\ns-org\nsd\ar\cp\audio_spi\spiwavsetlib\spiws_wavset.h(56): warning C4251: 'WavSet::wavsetname' : class 'std::basic_string<char,std::char_traits<char>,std::allocator<char>>' needs to have dll-interface to be used by clients of class 'WavSet'
     1>d:\oifii-org\httpdocs\ns-org\nsd\ar\cp\audio_spi\spiwavsetlib\spiws_instrument.h(38): warning C4251: 'Instrument::wavsetvector' : class 'std::vector<WavSet *,std::allocator<_Ty>>' needs to have dll-interface to be used by clients of class 'Instrument'
                 with
                 [
                     _Ty=WavSet *
                 ]
     1>d:\oifii-org\httpdocs\ns-org\nsd\ar\cp\audio_spi\spiwavsetlib\spiws_instrument.h(39): warning C4251: 'Instrument::instrumentname' : class 'std::basic_string<char,std::char_traits<char>,std::allocator<char>>' needs to have dll-interface to be used by clients of class 'Instrument'
     1>d:\oifii-org\httpdocs\ns-org\nsd\ar\cp\audio_spi\spiwavsetlib\spiws_instrumentset.h(14): warning C4251: 'InstrumentSet::instrumentvector' : class 'std::vector<Instrument *,std::allocator<_Ty>>' needs to have dll-interface to be used by clients of class 'InstrumentSet'
                 with
                 [
                     _Ty=Instrument *
                 ]
     1>d:\oifii-org\httpdocs\ns-org\nsd\ar\cp\audio_spi\spiwavsetlib\spiws_midieventset.h(16): warning C4251: 'MidiEventSet::midieventvector' : class 'std::vector<MidiEvent *,std::allocator<_Ty>>' needs to have dll-interface to be used by clients of class 'MidiEventSet'
                 with
                 [
                     _Ty=MidiEvent *
                 ]
     1>d:\oifii-org\httpdocs\ns-org\nsd\ar\cp\audio_spi\spiwavsetlib\spiws_partition.h(21): warning C4251: 'Partition::miditrackname' : class 'std::basic_string<char,std::char_traits<char>,std::allocator<char>>' needs to have dll-interface to be used by clients of class 'Partition'
     1>d:\oifii-org\httpdocs\ns-org\nsd\ar\cp\audio_spi\spiwavsetlib\spiws_partition.h(22): warning C4251: 'Partition::partitionname' : class 'std::basic_string<char,std::char_traits<char>,std::allocator<char>>' needs to have dll-interface to be used by clients of class 'Partition'
     1>d:\oifii-org\httpdocs\ns-org\nsd\ar\cp\audio_spi\spiwavsetlib\spiws_partition.h(23): warning C4251: 'Partition::midieventsetvector' : class 'std::vector<MidiEventSet *,std::allocator<_Ty>>' needs to have dll-interface to be used by clients of class 'Partition'
                 with
                 [
                     _Ty=MidiEventSet *
                 ]
     1>d:\oifii-org\httpdocs\ns-org\nsd\ar\cp\audio_spi\spiwavsetlib\spiws_partitionset.h(24): warning C4251: 'PartitionSet::partitionvector' : class 'std::vector<Partition *,std::allocator<_Ty>>' needs to have dll-interface to be used by clients of class 'PartitionSet'
                 with
                 [
                     _Ty=Partition *
                 ]
     1>d:\oifii-org\httpdocs\ns-org\nsd\ar\cp\audio_spi\spiwavsetlib\spiws_partitionset.h(25): warning C4251: 'PartitionSet::tempmidieventvector' : class 'std::vector<MidiEvent *,std::allocator<_Ty>>' needs to have dll-interface to be used by clients of class 'PartitionSet'
                 with
                 [
                     _Ty=MidiEvent *
                 ]
     1>d:\oifii-org\httpdocs\ns-org\nsd\ar\cp\audio_spi\lib-src\tonic\tonic-master\tonic-master\src\tonic\toniccore.h(188): warning C4068: unknown pragma
     1>d:\oifii-org\httpdocs\ns-org\nsd\ar\cp\audio_spi\lib-src\tonic\tonic-master\tonic-master\src\tonic\arithmetic.h(51): warning C4018: '<' : signed/unsigned mismatch
     1>d:\oifii-org\httpdocs\ns-org\nsd\ar\cp\audio_spi\lib-src\tonic\tonic-master\tonic-master\src\tonic\arithmetic.h(234): warning C4018: '<' : signed/unsigned mismatch
     1>d:\oifii-org\httpdocs\ns-org\nsd\ar\cp\audio_spi\lib-src\tonic\tonic-master\tonic-master\src\tonic\monotostereopanner.h(45): warning C4244: 'initializing' : conversion from 'double' to 'float', possible loss of data
     1>d:\oifii-org\httpdocs\ns-org\nsd\ar\cp\audio_spi\lib-src\tonic\tonic-master\tonic-master\src\tonic\rampedvalue.h(66): warning C4244: 'initializing' : conversion from 'TonicFloat' to 'unsigned long', possible loss of data
     1>d:\oifii-org\httpdocs\ns-org\nsd\ar\cp\audio_spi\lib-src\tonic\tonic-master\tonic-master\src\tonic\rampedvalue.h(167): warning C4068: unknown pragma
     1>d:\oifii-org\httpdocs\ns-org\nsd\ar\cp\audio_spi\lib-src\tonic\tonic-master\tonic-master\src\tonic\rampedvalue.h(181): warning C4068: unknown pragma
     1>d:\oifii-org\httpdocs\ns-org\nsd\ar\cp\audio_spi\lib-src\tonic\tonic-master\tonic-master\src\tonic\delayutils.h(60): warning C4244: 'argument' : conversion from 'size_t' to 'TonicFloat', possible loss of data
     1>d:\oifii-org\httpdocs\ns-org\nsd\ar\cp\audio_spi\lib-src\tonic\tonic-master\tonic-master\src\tonic\delayutils.h(73): warning C4018: '>=' : signed/unsigned mismatch
     1>d:\oifii-org\httpdocs\ns-org\nsd\ar\cp\audio_spi\lib-src\tonic\tonic-master\tonic-master\src\tonic\delayutils.h(75): warning C4018: '>=' : signed/unsigned mismatch
     1>d:\oifii-org\httpdocs\ns-org\nsd\ar\cp\audio_spi\lib-src\tonic\tonic-master\tonic-master\src\tonic\delayutils.h(98): warning C4018: '>=' : signed/unsigned mismatch
     1>d:\oifii-org\httpdocs\ns-org\nsd\ar\cp\audio_spi\lib-src\tonic\tonic-master\tonic-master\src\tonic\filterutils.h(35): warning C4244: '=' : conversion from 'double' to 'TonicFloat', possible loss of data
     1>d:\oifii-org\httpdocs\ns-org\nsd\ar\cp\audio_spi\lib-src\tonic\tonic-master\tonic-master\src\tonic\filterutils.h(65): warning C4068: unknown pragma
     1>d:\oifii-org\httpdocs\ns-org\nsd\ar\cp\audio_spi\lib-src\tonic\tonic-master\tonic-master\src\tonic\tablelookuposc.h(112): warning C4244: '=' : conversion from 'double' to 'TonicFloat', possible loss of data
     1>d:\oifii-org\httpdocs\ns-org\nsd\ar\cp\audio_spi\lib-src\tonic\tonic-master\tonic-master\src\tonic\sawtoothwave.h(92): warning C4244: '=' : conversion from 'double' to 'TonicFloat', possible loss of data
     1>d:\oifii-org\httpdocs\ns-org\nsd\ar\cp\audio_spi\lib-src\tonic\tonic-master\tonic-master\src\tonic\filters.h(33): warning C4068: unknown pragma
     1>d:\oifii-org\httpdocs\ns-org\nsd\ar\cp\audio_spi\lib-src\tonic\tonic-master\tonic-master\src\tonic\filters.h(89): warning C4305: 'argument' : truncation from 'double' to 'TonicFloat'
     1>d:\oifii-org\httpdocs\ns-org\nsd\ar\cp\audio_spi\lib-src\tonic\tonic-master\tonic-master\src\tonic\filters.h(401): warning C4068: unknown pragma
     1>d:\oifii-org\httpdocs\ns-org\nsd\ar\cp\audio_spi\lib-src\tonic\tonic-master\tonic-master\src\tonic\bitcrusher.h(43): warning C4244: 'initializing' : conversion from 'double' to 'float', possible loss of data
     1>d:\oifii-org\httpdocs\ns-org\nsd\ar\cp\audio_spi\lib-src\tonic\tonic-master\tonic-master\src\tonic\bitcrusher.h(47): warning C4244: 'initializing' : conversion from 'float' to 'TonicInt32', possible loss of data
     1>d:\oifii-org\httpdocs\ns-org\nsd\ar\cp\audio_spi\lib-src\tonic\tonic-master\tonic-master\src\tonic\adsr.h(99): warning C4800: 'TonicFloat' : forcing value to bool 'true' or 'false' (performance warning)
     1>d:\oifii-org\httpdocs\ns-org\nsd\ar\cp\audio_spi\lib-src\tonic\tonic-master\tonic-master\src\tonic\adsr.h(100): warning C4800: 'TonicFloat' : forcing value to bool 'true' or 'false' (performance warning)
     1>d:\oifii-org\httpdocs\ns-org\nsd\ar\cp\audio_spi\lib-src\tonic\tonic-master\tonic-master\src\tonic\adsr.h(101): warning C4800: 'TonicFloat' : forcing value to bool 'true' or 'false' (performance warning)
     1>d:\oifii-org\httpdocs\ns-org\nsd\ar\cp\audio_spi\lib-src\tonic\tonic-master\tonic-master\src\tonic\adsr.h(143): warning C4018: '<' : signed/unsigned mismatch
     1>d:\oifii-org\httpdocs\ns-org\nsd\ar\cp\audio_spi\lib-src\tonic\tonic-master\tonic-master\src\tonic\lfnoise.h(44): warning C4244: '=' : conversion from 'TonicFloat' to 'long', possible loss of data
     1>c:\program files\microsoft visual studio 12.0\vc\include\algorithm(4108): warning C4244: 'argument' : conversion from 'long' to 'const float', possible loss of data
     1>d:\oifii-org\httpdocs\ns-org\nsd\ar\cp\audio_spi\lib-src\tonic\tonic-master\tonic-master\src\tonic\lfnoise.h(45): warning C4244: '=' : conversion from 'const float' to 'long', possible loss of data
     1>d:\oifii-org\httpdocs\ns-org\nsd\ar\cp\audio_spi\lib-src\tonic\tonic-master\tonic-master\src\tonic\lfnoise.h(52): warning C4018: '<' : signed/unsigned mismatch
     1>d:\oifii-org\httpdocs\ns-org\nsd\ar\cp\audio_spi\lib-src\tonic\tonic-master\tonic-master\src\tonic\controldelay.h(51): warning C4244: 'initializing' : conversion from 'TonicFloat' to 'unsigned int', possible loss of data
     1>d:\oifii-org\httpdocs\ns-org\nsd\ar\cp\audio_spi\lib-src\tonic\tonic-master\tonic-master\src\tonic\controlfloor.h(23): warning C4244: '=' : conversion from 'int' to 'TonicFloat', possible loss of data
     1>d:\oifii-org\httpdocs\ns-org\nsd\ar\cp\audio_spi\lib-src\tonic\tonic-master\tonic-master\src\tonic\controlmetro.h(42): warning C4305: 'argument' : truncation from 'double' to 'TonicFloat'
     1>d:\oifii-org\httpdocs\ns-org\nsd\ar\cp\audio_spi\lib-src\tonic\tonic-master\tonic-master\src\tonic\controlmetrodivider.h(44): warning C4244: 'initializing' : conversion from 'TonicFloat' to 'unsigned int', possible loss of data
     1>d:\oifii-org\httpdocs\ns-org\nsd\ar\cp\audio_spi\lib-src\tonic\tonic-master\tonic-master\src\tonic\controlstepper.h(48): warning C4800: 'TonicFloat' : forcing value to bool 'true' or 'false' (performance warning)
     1>d:\oifii-org\httpdocs\ns-org\nsd\ar\cp\audio_spi\lib-src\tonic\tonic-master\tonic-master\src\tonic\controlsnaptoscale.h(42): warning C4244: 'initializing' : conversion from 'float' to 'int', possible loss of data
     1>d:\oifii-org\httpdocs\ns-org\nsd\ar\cp\audio_spi\lib-src\tonic\tonic-master\tonic-master\src\tonic\controlsnaptoscale.h(60): warning C4018: '<' : signed/unsigned mismatch
     1>d:\oifii-org\httpdocs\ns-org\nsd\ar\cp\audio_spi\spitoniccontrolswitchersynthwin32_vs2013rta\controlswitchertestsynth.h(58): warning C4305: 'argument' : truncation from 'double' to 'float'
     1>d:\oifii-org\httpdocs\ns-org\nsd\ar\cp\audio_spi\spitoniccontrolswitchersynthwin32_vs2013rta\controlswitchertestsynth.h(60): warning C4305: 'argument' : truncation from 'double' to 'float'
     1>d:\oifii-org\httpdocs\ns-org\nsd\ar\cp\audio_spi\spitoniccontrolswitchersynthwin32_vs2013rta\controlswitchertestsynth.h(69): warning C4305: 'argument' : truncation from 'double' to 'float'
     1>d:\oifii-org\httpdocs\ns-org\nsd\ar\cp\audio_spi\spitoniccontrolswitchersynthwin32_vs2013rta\controlswitchertestsynth.h(70): warning C4305: 'argument' : truncation from 'double' to 'float'
     1>d:\oifii-org\httpdocs\ns-org\nsd\ar\cp\audio_spi\spitoniccontrolswitchersynthwin32_vs2013rta\controlswitchertestsynth.h(78): warning C4305: 'argument' : truncation from 'double' to 'float'
     1>d:\oifii-org\httpdocs\ns-org\nsd\ar\cp\audio_spi\spitoniccontrolswitchersynthwin32_vs2013rta\controlswitchertestsynth.h(81): warning C4305: 'argument' : truncation from 'double' to 'float'
     1>d:\oifii-org\httpdocs\ns-org\nsd\ar\cp\audio_spi\spitoniccontrolswitchersynthwin32_vs2013rta\controlswitchertestsynth.h(85): warning C4305: 'argument' : truncation from 'double' to 'float'
     1>d:\oifii-org\httpdocs\ns-org\nsd\ar\cp\audio_spi\spitoniccontrolswitchersynthwin32_vs2013rta\controlswitchertestsynth.h(90): warning C4305: 'argument' : truncation from 'double' to 'float'
     1>d:\oifii-org\httpdocs\ns-org\nsd\ar\cp\audio_spi\spitoniccontrolswitchersynthwin32_vs2013rta\controlswitchertestsynth.h(94): warning C4305: 'argument' : truncation from 'double' to 'float'
     1>d:\oifii-org\httpdocs\ns-org\nsd\ar\cp\audio_spi\spitoniccontrolswitchersynthwin32_vs2013rta\controlswitchertestsynth.h(106): warning C4305: 'argument' : truncation from 'double' to 'float'
     1>d:\oifii-org\httpdocs\ns-org\nsd\ar\cp\audio_spi\spitoniccontrolswitchersynthwin32_vs2013rta\controlswitchertestsynth.h(113): warning C4305: 'argument' : truncation from 'double' to 'float'
     1>d:\oifii-org\httpdocs\ns-org\nsd\ar\cp\audio_spi\spitoniccontrolswitchersynthwin32_vs2013rta\controlswitcherexpsynth.h(61): warning C4305: 'argument' : truncation from 'double' to 'float'
     1>d:\oifii-org\httpdocs\ns-org\nsd\ar\cp\audio_spi\spitoniccontrolswitchersynthwin32_vs2013rta\controlswitcherexpsynth.h(73): warning C4305: 'argument' : truncation from 'double' to 'float'
     1>d:\oifii-org\httpdocs\ns-org\nsd\ar\cp\audio_spi\spitoniccontrolswitchersynthwin32_vs2013rta\controlswitcherexpsynth.h(74): warning C4305: 'argument' : truncation from 'double' to 'float'
     1>d:\oifii-org\httpdocs\ns-org\nsd\ar\cp\audio_spi\spitoniccontrolswitchersynthwin32_vs2013rta\controlswitcherexpsynth.h(83): warning C4305: 'argument' : truncation from 'double' to 'float'
     1>d:\oifii-org\httpdocs\ns-org\nsd\ar\cp\audio_spi\spitoniccontrolswitchersynthwin32_vs2013rta\controlswitcherexpsynth.h(86): warning C4305: 'argument' : truncation from 'double' to 'float'
     1>d:\oifii-org\httpdocs\ns-org\nsd\ar\cp\audio_spi\spitoniccontrolswitchersynthwin32_vs2013rta\controlswitcherexpsynth.h(90): warning C4305: 'argument' : truncation from 'double' to 'float'
     1>d:\oifii-org\httpdocs\ns-org\nsd\ar\cp\audio_spi\spitoniccontrolswitchersynthwin32_vs2013rta\controlswitcherexpsynth.h(97): warning C4305: 'argument' : truncation from 'double' to 'float'
     1>d:\oifii-org\httpdocs\ns-org\nsd\ar\cp\audio_spi\spitoniccontrolswitchersynthwin32_vs2013rta\controlswitcherexpsynth.h(101): warning C4305: 'argument' : truncation from 'double' to 'float'
     1>d:\oifii-org\httpdocs\ns-org\nsd\ar\cp\audio_spi\spitoniccontrolswitchersynthwin32_vs2013rta\controlswitcherexpsynth.h(113): warning C4305: 'argument' : truncation from 'double' to 'float'
     1>d:\oifii-org\httpdocs\ns-org\nsd\ar\cp\audio_spi\spitoniccontrolswitchersynthwin32_vs2013rta\controlswitcherexpsynth.h(121): warning C4305: 'argument' : truncation from 'double' to 'float'
     1>d:\oifii-org\httpdocs\ns-org\nsd\ar\cp\audio_spi\spitoniccontrolswitchersynthwin32_vs2013rta\basicsynth.h(48): warning C4305: 'argument' : truncation from 'double' to 'float'
     1>d:\oifii-org\httpdocs\ns-org\nsd\ar\cp\audio_spi\spitoniccontrolswitchersynthwin32_vs2013rta\simpleinstrumentsynth.h(59): warning C4305: 'argument' : truncation from 'double' to 'float'
     1>d:\oifii-org\httpdocs\ns-org\nsd\ar\cp\audio_spi\spitoniccontrolswitchersynthwin32_vs2013rta\simpleinstrumentsynth.h(62): warning C4305: 'argument' : truncation from 'double' to 'float'
     1>d:\oifii-org\httpdocs\ns-org\nsd\ar\cp\audio_spi\spitoniccontrolswitchersynthwin32_vs2013rta\stepsequencersynth.h(55): warning C4244: 'argument' : conversion from 'const int' to 'float', possible loss of data
     1>d:\oifii-org\httpdocs\ns-org\nsd\ar\cp\audio_spi\spitoniccontrolswitchersynthwin32_vs2013rta\stepsequencersynth.h(71): warning C4305: 'argument' : truncation from 'double' to 'TonicFloat'
     1>d:\oifii-org\httpdocs\ns-org\nsd\ar\cp\audio_spi\spitoniccontrolswitchersynthwin32_vs2013rta\stepsequencersynth.h(95): warning C4305: 'argument' : truncation from 'double' to 'float'
     1>d:\oifii-org\httpdocs\ns-org\nsd\ar\cp\audio_spi\spitoniccontrolswitchersynthwin32_vs2013rta\stepsequencersynth.h(98): warning C4305: 'argument' : truncation from 'double' to 'float'
     1>d:\oifii-org\httpdocs\ns-org\nsd\ar\cp\audio_spi\spitoniccontrolswitchersynthwin32_vs2013rta\stepsequencerexpsynth.h(55): warning C4244: 'argument' : conversion from 'const int' to 'float', possible loss of data
     1>d:\oifii-org\httpdocs\ns-org\nsd\ar\cp\audio_spi\spitoniccontrolswitchersynthwin32_vs2013rta\stepsequencerexpsynth.h(71): warning C4305: 'argument' : truncation from 'double' to 'TonicFloat'
     1>d:\oifii-org\httpdocs\ns-org\nsd\ar\cp\audio_spi\spitoniccontrolswitchersynthwin32_vs2013rta\stepsequencerexpsynth.h(97): warning C4305: 'argument' : truncation from 'double' to 'float'
     1>d:\oifii-org\httpdocs\ns-org\nsd\ar\cp\audio_spi\spitoniccontrolswitchersynthwin32_vs2013rta\stepsequencerexpsynth.h(100): warning C4305: 'argument' : truncation from 'double' to 'float'
     1>d:\oifii-org\httpdocs\ns-org\nsd\ar\cp\audio_spi\spitoniccontrolswitchersynthwin32_vs2013rta\eventsexpsynth.h(72): warning C4305: 'argument' : truncation from 'double' to 'float'
     1>d:\oifii-org\httpdocs\ns-org\nsd\ar\cp\audio_spi\spitoniccontrolswitchersynthwin32_vs2013rta\eventsexpsynth.h(77): warning C4305: 'argument' : truncation from 'double' to 'float'
     1>d:\oifii-org\httpdocs\ns-org\nsd\ar\cp\audio_spi\spitoniccontrolswitchersynthwin32_vs2013rta\eventsexpsynth.h(101): warning C4305: 'argument' : truncation from 'double' to 'float'
     1>d:\oifii-org\httpdocs\ns-org\nsd\ar\cp\audio_spi\spitoniccontrolswitchersynthwin32_vs2013rta\arbitrarytablelookupsynth.h(63): warning C4305: 'argument' : truncation from 'double' to 'float'
     1>d:\oifii-org\httpdocs\ns-org\nsd\ar\cp\audio_spi\spitoniccontrolswitchersynthwin32_vs2013rta\compressorduckingtestsynth.h(47): warning C4305: 'argument' : truncation from 'double' to 'float'
     1>d:\oifii-org\httpdocs\ns-org\nsd\ar\cp\audio_spi\spitoniccontrolswitchersynthwin32_vs2013rta\compressorduckingtestsynth.h(48): warning C4305: 'argument' : truncation from 'double' to 'float'
     1>d:\oifii-org\httpdocs\ns-org\nsd\ar\cp\audio_spi\spitoniccontrolswitchersynthwin32_vs2013rta\compressorduckingtestsynth.h(49): warning C4305: 'argument' : truncation from 'double' to 'float'
     1>d:\oifii-org\httpdocs\ns-org\nsd\ar\cp\audio_spi\spitoniccontrolswitchersynthwin32_vs2013rta\compressorduckingtestsynth.h(57): warning C4305: 'argument' : truncation from 'double' to 'float'
     1>d:\oifii-org\httpdocs\ns-org\nsd\ar\cp\audio_spi\spitoniccontrolswitchersynthwin32_vs2013rta\compressorduckingtestsynth.h(58): warning C4305: 'argument' : truncation from 'double' to 'TonicFloat'
     1>d:\oifii-org\httpdocs\ns-org\nsd\ar\cp\audio_spi\spitoniccontrolswitchersynthwin32_vs2013rta\compressorduckingtestsynth.h(61): warning C4305: 'argument' : truncation from 'double' to 'float'
     1>d:\oifii-org\httpdocs\ns-org\nsd\ar\cp\audio_spi\spitoniccontrolswitchersynthwin32_vs2013rta\compressorduckingtestsynth.h(70): warning C4305: 'argument' : truncation from 'double' to 'float'
     1>d:\oifii-org\httpdocs\ns-org\nsd\ar\cp\audio_spi\spitoniccontrolswitchersynthwin32_vs2013rta\compressorduckingtestsynth.h(72): warning C4305: 'argument' : truncation from 'double' to 'float'
     1>d:\oifii-org\httpdocs\ns-org\nsd\ar\cp\audio_spi\spitoniccontrolswitchersynthwin32_vs2013rta\compressorduckingtestsynth.h(74): warning C4305: 'argument' : truncation from 'double' to 'float'
     1>d:\oifii-org\httpdocs\ns-org\nsd\ar\cp\audio_spi\spitoniccontrolswitchersynthwin32_vs2013rta\compressortestsynth.h(47): warning C4305: 'argument' : truncation from 'double' to 'TonicFloat'
     1>d:\oifii-org\httpdocs\ns-org\nsd\ar\cp\audio_spi\spitoniccontrolswitchersynthwin32_vs2013rta\compressortestsynth.h(49): warning C4305: 'argument' : truncation from 'double' to 'TonicFloat'
     1>d:\oifii-org\httpdocs\ns-org\nsd\ar\cp\audio_spi\spitoniccontrolswitchersynthwin32_vs2013rta\compressortestsynth.h(61): warning C4305: 'argument' : truncation from 'double' to 'float'
     1>d:\oifii-org\httpdocs\ns-org\nsd\ar\cp\audio_spi\spitoniccontrolswitchersynthwin32_vs2013rta\compressortestsynth.h(63): warning C4305: 'argument' : truncation from 'double' to 'float'
     1>d:\oifii-org\httpdocs\ns-org\nsd\ar\cp\audio_spi\spitoniccontrolswitchersynthwin32_vs2013rta\compressortestsynth.h(64): warning C4305: 'argument' : truncation from 'double' to 'float'
     1>d:\oifii-org\httpdocs\ns-org\nsd\ar\cp\audio_spi\spitoniccontrolswitchersynthwin32_vs2013rta\compressortestsynth.h(72): warning C4305: 'argument' : truncation from 'double' to 'float'
     1>d:\oifii-org\httpdocs\ns-org\nsd\ar\cp\audio_spi\spitoniccontrolswitchersynthwin32_vs2013rta\compressortestsynth.h(75): warning C4305: 'argument' : truncation from 'double' to 'float'
     1>d:\oifii-org\httpdocs\ns-org\nsd\ar\cp\audio_spi\spitoniccontrolswitchersynthwin32_vs2013rta\compressorexpsynth.h(48): warning C4305: 'argument' : truncation from 'double' to 'TonicFloat'
     1>d:\oifii-org\httpdocs\ns-org\nsd\ar\cp\audio_spi\spitoniccontrolswitchersynthwin32_vs2013rta\compressorexpsynth.h(50): warning C4305: 'argument' : truncation from 'double' to 'TonicFloat'
     1>d:\oifii-org\httpdocs\ns-org\nsd\ar\cp\audio_spi\spitoniccontrolswitchersynthwin32_vs2013rta\compressorexpsynth.h(64): warning C4305: 'argument' : truncation from 'double' to 'float'
     1>d:\oifii-org\httpdocs\ns-org\nsd\ar\cp\audio_spi\spitoniccontrolswitchersynthwin32_vs2013rta\compressorexpsynth.h(67): warning C4305: 'argument' : truncation from 'double' to 'float'
     1>d:\oifii-org\httpdocs\ns-org\nsd\ar\cp\audio_spi\spitoniccontrolswitchersynthwin32_vs2013rta\compressorexpsynth.h(69): warning C4305: 'argument' : truncation from 'double' to 'float'
     1>d:\oifii-org\httpdocs\ns-org\nsd\ar\cp\audio_spi\spitoniccontrolswitchersynthwin32_vs2013rta\compressorexpsynth.h(77): warning C4305: 'argument' : truncation from 'double' to 'float'
     1>d:\oifii-org\httpdocs\ns-org\nsd\ar\cp\audio_spi\spitoniccontrolswitchersynthwin32_vs2013rta\compressorexpsynth.h(80): warning C4305: 'argument' : truncation from 'double' to 'float'
     1>d:\oifii-org\httpdocs\ns-org\nsd\ar\cp\audio_spi\spitoniccontrolswitchersynthwin32_vs2013rta\controlsnaptoscaletestsynth.h(46): warning C4305: 'argument' : truncation from 'double' to 'TonicFloat'
     1>d:\oifii-org\httpdocs\ns-org\nsd\ar\cp\audio_spi\spitoniccontrolswitchersynthwin32_vs2013rta\controlsnaptoscaletestsynth.h(61): warning C4305: 'argument' : truncation from 'double' to 'float'
     1>d:\oifii-org\httpdocs\ns-org\nsd\ar\cp\audio_spi\spitoniccontrolswitchersynthwin32_vs2013rta\controlsnaptoscaletestsynth.h(67): warning C4305: 'argument' : truncation from 'double' to 'float'
     1>d:\oifii-org\httpdocs\ns-org\nsd\ar\cp\audio_spi\spitoniccontrolswitchersynthwin32_vs2013rta\controlsnaptoscaletestsynth.h(69): warning C4305: 'argument' : truncation from 'double' to 'float'
     1>d:\oifii-org\httpdocs\ns-org\nsd\ar\cp\audio_spi\spitoniccontrolswitchersynthwin32_vs2013rta\controlsnaptoscaletestsynth.h(100): warning C4305: 'argument' : truncation from 'double' to 'float'
     1>d:\oifii-org\httpdocs\ns-org\nsd\ar\cp\audio_spi\spitoniccontrolswitchersynthwin32_vs2013rta\controlsnaptoscaletestsynth.h(102): warning C4305: 'argument' : truncation from 'double' to 'float'
     1>d:\oifii-org\httpdocs\ns-org\nsd\ar\cp\audio_spi\spitoniccontrolswitchersynthwin32_vs2013rta\controlsnaptoscaletestsynth.h(106): warning C4305: 'argument' : truncation from 'double' to 'float'
     1>d:\oifii-org\httpdocs\ns-org\nsd\ar\cp\audio_spi\spitoniccontrolswitchersynthwin32_vs2013rta\controlsnaptoscaletestsynth.h(120): warning C4305: 'argument' : truncation from 'double' to 'float'
     1>d:\oifii-org\httpdocs\ns-org\nsd\ar\cp\audio_spi\spitoniccontrolswitchersynthwin32_vs2013rta\delaytestsynth.h(69): warning C4305: 'argument' : truncation from 'double' to 'float'
     1>d:\oifii-org\httpdocs\ns-org\nsd\ar\cp\audio_spi\spitoniccontrolswitchersynthwin32_vs2013rta\delaytestsynth.h(76): warning C4305: 'argument' : truncation from 'double' to 'float'
     1>d:\oifii-org\httpdocs\ns-org\nsd\ar\cp\audio_spi\spitoniccontrolswitchersynthwin32_vs2013rta\filterednoisesynth.h(65): warning C4305: 'argument' : truncation from 'double' to 'TonicFloat'
     1>d:\oifii-org\httpdocs\ns-org\nsd\ar\cp\audio_spi\spitoniccontrolswitchersynthwin32_vs2013rta\filterednoisesynth.h(66): warning C4305: 'argument' : truncation from 'double' to 'float'
     1>d:\oifii-org\httpdocs\ns-org\nsd\ar\cp\audio_spi\spitoniccontrolswitchersynthwin32_vs2013rta\filterednoisesynth.h(72): warning C4305: 'argument' : truncation from 'double' to 'float'
     1>d:\oifii-org\httpdocs\ns-org\nsd\ar\cp\audio_spi\spitoniccontrolswitchersynthwin32_vs2013rta\filterednoisesynth.h(83): warning C4305: 'argument' : truncation from 'double' to 'float'
     1>d:\oifii-org\httpdocs\ns-org\nsd\ar\cp\audio_spi\spitoniccontrolswitchersynthwin32_vs2013rta\filterednoisesynth.h(90): warning C4018: '<' : signed/unsigned mismatch
     1>d:\oifii-org\httpdocs\ns-org\nsd\ar\cp\audio_spi\spitoniccontrolswitchersynthwin32_vs2013rta\filterednoisesynth.h(91): warning C4305: 'argument' : truncation from 'double' to 'float'
     1>d:\oifii-org\httpdocs\ns-org\nsd\ar\cp\audio_spi\spitoniccontrolswitchersynthwin32_vs2013rta\filterednoisesynth.h(92): warning C4305: 'argument' : truncation from 'double' to 'float'
     1>d:\oifii-org\httpdocs\ns-org\nsd\ar\cp\audio_spi\spitoniccontrolswitchersynthwin32_vs2013rta\filterednoisesynth.h(100): warning C4305: 'argument' : truncation from 'double' to 'float'
     1>d:\oifii-org\httpdocs\ns-org\nsd\ar\cp\audio_spi\spitoniccontrolswitchersynthwin32_vs2013rta\filterednoisesynth.h(103): warning C4305: 'argument' : truncation from 'double' to 'float'
     1>d:\oifii-org\httpdocs\ns-org\nsd\ar\cp\audio_spi\spitoniccontrolswitchersynthwin32_vs2013rta\lfnoisetestsynth.h(53): warning C4305: 'argument' : truncation from 'double' to 'float'
     1>d:\oifii-org\httpdocs\ns-org\nsd\ar\cp\audio_spi\spitoniccontrolswitchersynthwin32_vs2013rta\simplestepseqsynth.h(45): warning C4244: 'argument' : conversion from 'const int' to 'float', possible loss of data
     1>d:\oifii-org\httpdocs\ns-org\nsd\ar\cp\audio_spi\spitoniccontrolswitchersynthwin32_vs2013rta\simplestepseqsynth.h(58): warning C4305: 'argument' : truncation from 'double' to 'float'
     1>d:\oifii-org\httpdocs\ns-org\nsd\ar\cp\audio_spi\spitoniccontrolswitchersynthwin32_vs2013rta\simplestepseqsynth.h(59): warning C4305: 'argument' : truncation from 'double' to 'float'
     1>d:\oifii-org\httpdocs\ns-org\nsd\ar\cp\audio_spi\spitoniccontrolswitchersynthwin32_vs2013rta\stereodelaytestsynth.h(53): warning C4305: 'argument' : truncation from 'double' to 'float'
     1>d:\oifii-org\httpdocs\ns-org\nsd\ar\cp\audio_spi\spitoniccontrolswitchersynthwin32_vs2013rta\stereodelaytestsynth.h(61): warning C4305: 'argument' : truncation from 'double' to 'float'
     1>d:\oifii-org\httpdocs\ns-org\nsd\ar\cp\audio_spi\spitoniccontrolswitchersynthwin32_vs2013rta\stereodelaytestsynth.h(62): warning C4305: 'argument' : truncation from 'double' to 'float'
     1>d:\oifii-org\httpdocs\ns-org\nsd\ar\cp\audio_spi\spitoniccontrolswitchersynthwin32_vs2013rta\stereodelaytestsynth.h(63): warning C4305: 'argument' : truncation from 'double' to 'float'
     1>d:\oifii-org\httpdocs\ns-org\nsd\ar\cp\audio_spi\spitoniccontrolswitchersynthwin32_vs2013rta\stereodelaytestsynth.h(64): warning C4305: 'argument' : truncation from 'double' to 'float'
     1>d:\oifii-org\httpdocs\ns-org\nsd\ar\cp\audio_spi\spitoniccontrolswitchersynthwin32_vs2013rta\stereodelaytestsynth.h(66): warning C4305: 'argument' : truncation from 'double' to 'float'
     1>d:\oifii-org\httpdocs\ns-org\nsd\ar\cp\audio_spi\spitoniccontrolswitchersynthwin32_vs2013rta\stereodelaytestsynth.h(68): warning C4305: 'argument' : truncation from 'double' to 'float'
     1>d:\oifii-org\httpdocs\ns-org\nsd\ar\cp\audio_spi\spitoniccontrolswitchersynthwin32_vs2013rta\synthsasgeneratorsdemosynth.h(46): warning C4305: 'argument' : truncation from 'double' to 'float'
     1>d:\oifii-org\httpdocs\ns-org\nsd\ar\cp\audio_spi\spitoniccontrolswitchersynthwin32_vs2013rta\synthsasgeneratorsdemosynth.h(48): warning C4305: 'argument' : truncation from 'double' to 'float'
     1>d:\oifii-org\httpdocs\ns-org\nsd\ar\cp\audio_spi\spitoniccontrolswitchersynthwin32_vs2013rta\xyspeedsynth.h(38): warning C4305: 'argument' : truncation from 'double' to 'float'
     1>d:\oifii-org\httpdocs\ns-org\nsd\ar\cp\audio_spi\spitoniccontrolswitchersynthwin32_vs2013rta\xyspeedsynth.h(42): warning C4305: 'argument' : truncation from 'double' to 'float'
     1>d:\oifii-org\httpdocs\ns-org\nsd\ar\cp\audio_spi\spitoniccontrolswitchersynthwin32_vs2013rta\spitoniccontrolswitchersynthwin32.cpp(566): warning C4996: 'sprintf': This function or variable may be unsafe. Consider using sprintf_s instead. To disable deprecation, use _CRT_SECURE_NO_WARNINGS. See online help for details.
                 c:\program files\microsoft visual studio 12.0\vc\include\stdio.h(356) : see declaration of 'sprintf'
     1>d:\oifii-org\httpdocs\ns-org\nsd\ar\cp\audio_spi\spitoniccontrolswitchersynthwin32_vs2013rta\spitoniccontrolswitchersynthwin32.cpp(777): warning C4244: '=' : conversion from 'double' to 'float', possible loss of data
     1>d:\oifii-org\httpdocs\ns-org\nsd\ar\cp\audio_spi\spitoniccontrolswitchersynthwin32_vs2013rta\spitoniccontrolswitchersynthwin32.cpp(781): warning C4244: '=' : conversion from 'double' to 'float', possible loss of data
     1>d:\oifii-org\httpdocs\ns-org\nsd\ar\cp\audio_spi\spitoniccontrolswitchersynthwin32_vs2013rta\spitoniccontrolswitchersynthwin32.cpp(837): warning C4996: 'wcscpy': This function or variable may be unsafe. Consider using wcscpy_s instead. To disable deprecation, use _CRT_SECURE_NO_WARNINGS. See online help for details.
                 c:\program files\microsoft visual studio 12.0\vc\include\string.h(294) : see declaration of 'wcscpy'
     1>d:\oifii-org\httpdocs\ns-org\nsd\ar\cp\audio_spi\spitoniccontrolswitchersynthwin32_vs2013rta\spitoniccontrolswitchersynthwin32.cpp(841): warning C4996: 'wcscpy': This function or variable may be unsafe. Consider using wcscpy_s instead. To disable deprecation, use _CRT_SECURE_NO_WARNINGS. See online help for details.
                 c:\program files\microsoft visual studio 12.0\vc\include\string.h(294) : see declaration of 'wcscpy'
     1>d:\oifii-org\httpdocs\ns-org\nsd\ar\cp\audio_spi\spitoniccontrolswitchersynthwin32_vs2013rta\spitoniccontrolswitchersynthwin32.cpp(867): warning C4996: 'fopen': This function or variable may be unsafe. Consider using fopen_s instead. To disable deprecation, use _CRT_SECURE_NO_WARNINGS. See online help for details.
                 c:\program files\microsoft visual studio 12.0\vc\include\stdio.h(211) : see declaration of 'fopen'
     1>d:\oifii-org\httpdocs\ns-org\nsd\ar\cp\audio_spi\spitoniccontrolswitchersynthwin32_vs2013rta\spitoniccontrolswitchersynthwin32.cpp(925): warning C4244: 'argument' : conversion from 'unsigned int' to 'TonicFloat', possible loss of data
     1>d:\oifii-org\httpdocs\ns-org\nsd\ar\cp\audio_spi\spitoniccontrolswitchersynthwin32_vs2013rta\spitoniccontrolswitchersynthwin32.cpp(711): warning C4101: 'i' : unreferenced local variable
     1>d:\oifii-org\httpdocs\ns-org\nsd\ar\cp\audio_spi\spitoniccontrolswitchersynthwin32_vs2013rta\spitoniccontrolswitchersynthwin32.cpp(1161): warning C4101: 'hFont' : unreferenced local variable
         RtAudio.cpp
         Generating Code...
       ResourceCompile:
         C:\Program Files\Windows Kits\8.1\bin\x86\rc.exe /D _UNICODE /D UNICODE /l"0x0409" /nologo /fo"Debug\spitoniccontrolswitchersynthwin32.res" spitoniccontrolswitchersynthwin32.rc 
       Link:
         C:\Program Files\Microsoft Visual Studio 12.0\VC\bin\link.exe /ERRORREPORT:PROMPT /OUT:"D:\oifii-org\httpdocs\ns-org\nsd\ar\cp\audio_spi\spitoniccontrolswitchersynthwin32_vs2013rta\Debug\spitoniccontrolswitchersynthwin32.exe" /INCREMENTAL /NOLOGO "..\lib-src\freeimage\Dist\FreeImage.lib" winmm.lib ..\spiwavsetlib\debug\spiwavsetlib.lib "..\lib-src\tonic\Tonic-master\Tonic-master\lib\TonicLibVS2013\Debug\TonicLib.lib" Dsound.lib kernel32.lib user32.lib gdi32.lib winspool.lib comdlg32.lib advapi32.lib shell32.lib ole32.lib oleaut32.lib uuid.lib odbc32.lib odbccp32.lib /MANIFEST /MANIFESTUAC:"level='asInvoker' uiAccess='false'" /manifest:embed /DEBUG /PDB:"D:\oifii-org\httpdocs\ns-org\nsd\ar\cp\audio_spi\spitoniccontrolswitchersynthwin32_vs2013rta\Debug\spitoniccontrolswitchersynthwin32.pdb" /SUBSYSTEM:WINDOWS /TLBID:1 /DYNAMICBASE /NXCOMPAT /IMPLIB:"D:\oifii-org\httpdocs\ns-org\nsd\ar\cp\audio_spi\spitoniccontrolswitchersynthwin32_vs2013rta\Debug\spitoniccontrolswitchersynthwin32.lib" /MACHINE:X86 Debug\spitoniccontrolswitchersynthwin32.res
         Debug\RtAudio.obj
         Debug\spitoniccontrolswitchersynthwin32.obj
         Debug\stdafx.obj
         spitoniccontrolswitchersynthwin32.vcxproj -> D:\oifii-org\httpdocs\ns-org\nsd\ar\cp\audio_spi\spitoniccontrolswitchersynthwin32_vs2013rta\Debug\spitoniccontrolswitchersynthwin32.exe
       FinalizeBuildStatus:
         Deleting file "Debug\spitonic.AD5E4A2A.tlog\unsuccessfulbuild".
         Touching "Debug\spitonic.AD5E4A2A.tlog\spitoniccontrolswitchersynthwin32.lastbuildstate".
     1>Done Building Project "D:\oifii-org\httpdocs\ns-org\nsd\ar\cp\audio_spi\spitoniccontrolswitchersynthwin32_vs2013rta\spitoniccontrolswitchersynthwin32.vcxproj" (Build target(s)).

Build succeeded.

Time Elapsed 00:00:08.14
